2025-02-14 09:26:55.121 CET [3472] LOG:  starting PostgreSQL 16.6, compiled by Visual C++ build 1942, 64-bit
2025-02-14 09:26:55.123 CET [3472] LOG:  listening on IPv6 address "::", port 15432
2025-02-14 09:26:55.123 CET [3472] LOG:  listening on IPv4 address "0.0.0.0", port 15432
2025-02-14 09:26:55.129 CET [3472] LOG:  listening on Unix socket "C:/Users/z004u6jf/AppData/Local/.winccoa/.s.PGSQL.15432"
2025-02-14 09:26:55.303 CET [33184] LOG:  database system was shut down at 2025-02-13 17:02:36 CET
2025-02-14 09:26:55.429 CET [3472] LOG:  database system is ready to accept connections
2025-02-14 09:31:55.208 CET [15408] LOG:  checkpoint starting: time
2025-02-14 09:32:06.531 CET [15408] LOG:  checkpoint complete: wrote 105 buffers (0.0%); 0 WAL file(s) added, 0 removed, 0 recycled; write=11.279 s, sync=0.032 s, total=11.324 s; sync files=66, longest=0.002 s, average=0.001 s; distance=509 kB, estimate=509 kB; lsn=0/3DAF350, redo lsn=0/3D6CD48
2025-02-14 09:33:57.521 CET [3472] LOG:  could not reserve shared memory region (addr=00000130F9320000) for child 0000000000001428: error code 487
2025-02-14 09:35:55.560 CET [3472] LOG:  could not reserve shared memory region (addr=00000130F9320000) for child 0000000000001468: error code 487
2025-02-14 09:36:55.543 CET [15408] LOG:  checkpoint starting: time
2025-02-14 09:36:59.973 CET [15408] LOG:  checkpoint complete: wrote 41 buffers (0.0%); 0 WAL file(s) added, 0 removed, 0 recycled; write=4.407 s, sync=0.014 s, total=4.431 s; sync files=20, longest=0.005 s, average=0.001 s; distance=341 kB, estimate=492 kB; lsn=0/3E01D10, redo lsn=0/3DC2370
2025-02-14 09:41:55.974 CET [15408] LOG:  checkpoint starting: time
2025-02-14 09:42:00.399 CET [15408] LOG:  checkpoint complete: wrote 41 buffers (0.0%); 0 WAL file(s) added, 0 removed, 0 recycled; write=4.390 s, sync=0.022 s, total=4.426 s; sync files=30, longest=0.005 s, average=0.001 s; distance=278 kB, estimate=471 kB; lsn=0/3E4B800, redo lsn=0/3E07E68
2025-02-14 09:46:55.404 CET [15408] LOG:  checkpoint starting: time
2025-02-14 09:47:05.507 CET [15408] LOG:  checkpoint complete: wrote 93 buffers (0.0%); 0 WAL file(s) added, 0 removed, 0 recycled; write=10.071 s, sync=0.020 s, total=10.104 s; sync files=45, longest=0.002 s, average=0.001 s; distance=428 kB, estimate=466 kB; lsn=0/3EB2B08, redo lsn=0/3E72F70
2025-02-14 09:51:55.519 CET [15408] LOG:  checkpoint starting: time
2025-02-14 09:52:02.449 CET [15408] LOG:  checkpoint complete: wrote 64 buffers (0.0%); 0 WAL file(s) added, 0 removed, 0 recycled; write=6.896 s, sync=0.023 s, total=6.931 s; sync files=35, longest=0.005 s, average=0.001 s; distance=414 kB, estimate=461 kB; lsn=0/3F1B840, redo lsn=0/3EDA830
2025-02-14 09:56:55.459 CET [15408] LOG:  checkpoint starting: time
2025-02-14 09:57:02.860 CET [15408] LOG:  checkpoint complete: wrote 68 buffers (0.0%); 0 WAL file(s) added, 0 removed, 0 recycled; write=7.367 s, sync=0.021 s, total=7.402 s; sync files=31, longest=0.005 s, average=0.001 s; distance=388 kB, estimate=454 kB; lsn=0/3F76EA0, redo lsn=0/3F3BB40
2025-02-14 10:01:47.971 CET [3472] LOG:  received fast shutdown request
2025-02-14 10:01:47.973 CET [3472] LOG:  aborting any active transactions
2025-02-14 10:01:47.973 CET [29256] FATAL:  terminating connection due to administrator command
2025-02-14 10:01:47.980 CET [3472] LOG:  background worker "logical replication launcher" (PID 18684) exited with exit code 1
2025-02-14 10:01:47.994 CET [15408] LOG:  shutting down
2025-02-14 10:01:47.995 CET [15408] LOG:  checkpoint starting: shutdown immediate
2025-02-14 10:01:48.068 CET [15408] LOG:  checkpoint complete: wrote 56 buffers (0.0%); 0 WAL file(s) added, 0 removed, 0 recycled; write=0.047 s, sync=0.019 s, total=0.074 s; sync files=31, longest=0.002 s, average=0.001 s; distance=347 kB, estimate=443 kB; lsn=0/3F92A10, redo lsn=0/3F92A10
2025-02-14 10:01:48.120 CET [3472] LOG:  database system is shut down
2025-02-14 10:07:01.775 CET [19324] LOG:  starting PostgreSQL 16.6, compiled by Visual C++ build 1942, 64-bit
2025-02-14 10:07:01.777 CET [19324] LOG:  listening on IPv6 address "::", port 15432
2025-02-14 10:07:01.778 CET [19324] LOG:  listening on IPv4 address "0.0.0.0", port 15432
2025-02-14 10:07:01.785 CET [19324] LOG:  listening on Unix socket "C:/Users/z004u6jf/AppData/Local/.winccoa/.s.PGSQL.15432"
2025-02-14 10:07:01.873 CET [31768] LOG:  database system was shut down at 2025-02-14 10:01:48 CET
2025-02-14 10:07:02.069 CET [19324] LOG:  database system is ready to accept connections
2025-02-14 10:10:48.883 CET [19324] LOG:  could not reserve shared memory region (addr=00000243F0810000) for child 0000000000001478: error code 487
2025-02-14 10:12:01.863 CET [33152] LOG:  checkpoint starting: time
2025-02-14 10:12:14.787 CET [33152] LOG:  checkpoint complete: wrote 121 buffers (0.0%); 0 WAL file(s) added, 0 removed, 1 recycled; write=12.882 s, sync=0.027 s, total=12.926 s; sync files=59, longest=0.005 s, average=0.001 s; distance=758 kB, estimate=758 kB; lsn=0/408E428, redo lsn=0/4050328
2025-02-14 10:17:01.803 CET [33152] LOG:  checkpoint starting: time
2025-02-14 10:17:05.888 CET [33152] LOG:  checkpoint complete: wrote 38 buffers (0.0%); 0 WAL file(s) added, 0 removed, 0 recycled; write=4.061 s, sync=0.012 s, total=4.085 s; sync files=17, longest=0.002 s, average=0.001 s; distance=324 kB, estimate=714 kB; lsn=0/40E29A0, redo lsn=0/40A1648
2025-02-14 10:22:01.897 CET [33152] LOG:  checkpoint starting: time
2025-02-14 10:22:07.190 CET [33152] LOG:  checkpoint complete: wrote 49 buffers (0.0%); 0 WAL file(s) added, 0 removed, 0 recycled; write=5.262 s, sync=0.019 s, total=5.294 s; sync files=29, longest=0.005 s, average=0.001 s; distance=289 kB, estimate=672 kB; lsn=0/4127578, redo lsn=0/40E9AA0
2025-02-14 10:24:42.352 CET [19324] LOG:  could not reserve shared memory region (addr=00000243F0810000) for child 00000000000014A8: error code 487
2025-02-14 10:27:01.202 CET [33152] LOG:  checkpoint starting: time
2025-02-14 10:27:12.148 CET [33152] LOG:  checkpoint complete: wrote 101 buffers (0.0%); 0 WAL file(s) added, 0 removed, 0 recycled; write=10.921 s, sync=0.018 s, total=10.946 s; sync files=43, longest=0.001 s, average=0.001 s; distance=504 kB, estimate=655 kB; lsn=0/41A3D58, redo lsn=0/4167DF8
2025-02-14 10:32:01.160 CET [33152] LOG:  checkpoint starting: time
2025-02-14 10:32:06.659 CET [33152] LOG:  checkpoint complete: wrote 52 buffers (0.0%); 0 WAL file(s) added, 0 removed, 0 recycled; write=5.478 s, sync=0.013 s, total=5.499 s; sync files=29, longest=0.001 s, average=0.001 s; distance=307 kB, estimate=620 kB; lsn=0/41B4DE8, redo lsn=0/41B4DB0
2025-02-14 10:37:01.673 CET [33152] LOG:  checkpoint starting: time
2025-02-14 10:37:17.325 CET [33152] LOG:  checkpoint complete: wrote 144 buffers (0.0%); 0 WAL file(s) added, 0 removed, 0 recycled; write=15.616 s, sync=0.025 s, total=15.653 s; sync files=65, longest=0.002 s, average=0.001 s; distance=1087 kB, estimate=1087 kB; lsn=0/4304C28, redo lsn=0/42C4D40
2025-02-14 10:42:02.909 CET [33152] LOG:  checkpoint starting: time
2025-02-14 10:42:07.092 CET [33152] LOG:  checkpoint complete: wrote 40 buffers (0.0%); 0 WAL file(s) added, 0 removed, 0 recycled; write=4.163 s, sync=0.011 s, total=4.184 s; sync files=21, longest=0.002 s, average=0.001 s; distance=330 kB, estimate=1012 kB; lsn=0/4317940, redo lsn=0/4317908
2025-02-14 10:43:02.601 CET [19324] LOG:  could not reserve shared memory region (addr=00000243F0810000) for child 000000000000143C: error code 487
2025-02-14 10:47:02.095 CET [33152] LOG:  checkpoint starting: time
2025-02-14 10:47:08.023 CET [33152] LOG:  checkpoint complete: wrote 55 buffers (0.0%); 0 WAL file(s) added, 0 removed, 0 recycled; write=5.899 s, sync=0.019 s, total=5.928 s; sync files=32, longest=0.002 s, average=0.001 s; distance=288 kB, estimate=939 kB; lsn=0/43609A8, redo lsn=0/435FCD8
2025-02-14 10:52:02.028 CET [33152] LOG:  checkpoint starting: time
2025-02-14 10:52:08.311 CET [33152] LOG:  checkpoint complete: wrote 58 buffers (0.0%); 0 WAL file(s) added, 0 removed, 0 recycled; write=6.250 s, sync=0.026 s, total=6.284 s; sync files=33, longest=0.005 s, average=0.001 s; distance=316 kB, estimate=877 kB; lsn=0/43AEFE8, redo lsn=0/43AEFB0
2025-02-14 10:57:02.316 CET [33152] LOG:  checkpoint starting: time
2025-02-14 10:57:09.346 CET [33152] LOG:  checkpoint complete: wrote 65 buffers (0.0%); 0 WAL file(s) added, 0 removed, 0 recycled; write=6.992 s, sync=0.028 s, total=7.031 s; sync files=33, longest=0.006 s, average=0.001 s; distance=332 kB, estimate=823 kB; lsn=0/44026A8, redo lsn=0/44020C0
2025-02-14 11:02:02.350 CET [33152] LOG:  checkpoint starting: time
2025-02-14 11:02:10.367 CET [33152] LOG:  checkpoint complete: wrote 74 buffers (0.0%); 0 WAL file(s) added, 0 removed, 0 recycled; write=7.991 s, sync=0.014 s, total=8.018 s; sync files=33, longest=0.001 s, average=0.001 s; distance=325 kB, estimate=773 kB; lsn=0/4453528, redo lsn=0/44534F0
2025-02-14 11:07:02.378 CET [33152] LOG:  checkpoint starting: time
2025-02-14 11:07:08.224 CET [33152] LOG:  checkpoint complete: wrote 54 buffers (0.0%); 0 WAL file(s) added, 0 removed, 0 recycled; write=5.815 s, sync=0.020 s, total=5.846 s; sync files=30, longest=0.005 s, average=0.001 s; distance=286 kB, estimate=724 kB; lsn=0/449BC98, redo lsn=0/449B0A8
2025-02-14 11:12:02.235 CET [33152] LOG:  checkpoint starting: time
2025-02-14 11:12:07.738 CET [33152] LOG:  checkpoint complete: wrote 51 buffers (0.0%); 0 WAL file(s) added, 0 removed, 0 recycled; write=5.472 s, sync=0.019 s, total=5.503 s; sync files=29, longest=0.005 s, average=0.001 s; distance=261 kB, estimate=678 kB; lsn=0/44DC878, redo lsn=0/44DC840
2025-02-14 11:17:02.741 CET [33152] LOG:  checkpoint starting: time
2025-02-14 11:17:09.781 CET [33152] LOG:  checkpoint complete: wrote 65 buffers (0.0%); 0 WAL file(s) added, 0 removed, 0 recycled; write=7.010 s, sync=0.019 s, total=7.040 s; sync files=31, longest=0.005 s, average=0.001 s; distance=350 kB, estimate=645 kB; lsn=0/45345F8, redo lsn=0/4534088
2025-02-14 11:22:02.794 CET [33152] LOG:  checkpoint starting: time
2025-02-14 11:22:07.637 CET [33152] LOG:  checkpoint complete: wrote 45 buffers (0.0%); 0 WAL file(s) added, 0 removed, 0 recycled; write=4.816 s, sync=0.020 s, total=4.843 s; sync files=28, longest=0.005 s, average=0.001 s; distance=229 kB, estimate=603 kB; lsn=0/456D748, redo lsn=0/456D710
2025-02-14 11:27:02.646 CET [33152] LOG:  checkpoint starting: time
2025-02-14 11:27:08.257 CET [33152] LOG:  checkpoint complete: wrote 52 buffers (0.0%); 0 WAL file(s) added, 0 removed, 0 recycled; write=5.583 s, sync=0.015 s, total=5.611 s; sync files=28, longest=0.002 s, average=0.001 s; distance=284 kB, estimate=571 kB; lsn=0/45B5358, redo lsn=0/45B47E0
2025-02-14 11:32:02.270 CET [33152] LOG:  checkpoint starting: time
2025-02-14 11:32:07.124 CET [33152] LOG:  checkpoint complete: wrote 45 buffers (0.0%); 0 WAL file(s) added, 0 removed, 0 recycled; write=4.828 s, sync=0.016 s, total=4.854 s; sync files=28, longest=0.005 s, average=0.001 s; distance=267 kB, estimate=541 kB; lsn=0/45F7750, redo lsn=0/45F7718
2025-02-14 11:37:02.128 CET [33152] LOG:  checkpoint starting: time
2025-02-14 11:37:10.786 CET [33152] LOG:  checkpoint complete: wrote 80 buffers (0.0%); 0 WAL file(s) added, 0 removed, 0 recycled; write=8.634 s, sync=0.018 s, total=8.658 s; sync files=34, longest=0.005 s, average=0.001 s; distance=394 kB, estimate=526 kB; lsn=0/465A768, redo lsn=0/465A280
2025-02-14 11:39:03.170 CET [19324] LOG:  could not reserve shared memory region (addr=00000243F0810000) for child 00000000000014AC: error code 487
2025-02-14 11:42:02.801 CET [33152] LOG:  checkpoint starting: time
2025-02-14 11:42:12.204 CET [33152] LOG:  checkpoint complete: wrote 87 buffers (0.0%); 0 WAL file(s) added, 0 removed, 0 recycled; write=9.377 s, sync=0.013 s, total=9.404 s; sync files=31, longest=0.001 s, average=0.001 s; distance=313 kB, estimate=505 kB; lsn=0/46A8908, redo lsn=0/46A8898
2025-02-14 11:45:30.566 CET [19324] LOG:  received fast shutdown request
2025-02-14 11:45:30.568 CET [19324] LOG:  aborting any active transactions
2025-02-14 11:45:30.568 CET [23520] FATAL:  terminating connection due to administrator command
2025-02-14 11:45:30.577 CET [19324] LOG:  background worker "logical replication launcher" (PID 22304) exited with exit code 1
2025-02-14 11:45:30.587 CET [33152] LOG:  shutting down
2025-02-14 11:45:30.590 CET [33152] LOG:  checkpoint starting: shutdown immediate
2025-02-14 11:45:30.669 CET [33152] LOG:  checkpoint complete: wrote 53 buffers (0.0%); 0 WAL file(s) added, 0 removed, 0 recycled; write=0.054 s, sync=0.018 s, total=0.082 s; sync files=29, longest=0.002 s, average=0.001 s; distance=281 kB, estimate=483 kB; lsn=0/46EF020, redo lsn=0/46EF020
2025-02-14 11:45:30.722 CET [19324] LOG:  database system is shut down
2025-02-14 11:45:41.073 CET [17612] LOG:  starting PostgreSQL 16.6, compiled by Visual C++ build 1942, 64-bit
2025-02-14 11:45:41.075 CET [17612] LOG:  listening on IPv6 address "::", port 15432
2025-02-14 11:45:41.075 CET [17612] LOG:  listening on IPv4 address "0.0.0.0", port 15432
2025-02-14 11:45:41.083 CET [17612] LOG:  listening on Unix socket "C:/Users/z004u6jf/AppData/Local/.winccoa/.s.PGSQL.15432"
2025-02-14 11:45:41.188 CET [244] LOG:  database system was shut down at 2025-02-14 11:45:30 CET
2025-02-14 11:45:41.426 CET [17612] LOG:  database system is ready to accept connections
2025-02-14 11:50:08.408 CET [17612] LOG:  received fast shutdown request
2025-02-14 11:50:08.410 CET [17612] LOG:  aborting any active transactions
2025-02-14 11:50:08.410 CET [7456] FATAL:  terminating connection due to administrator command
2025-02-14 11:50:08.456 CET [17612] LOG:  background worker "logical replication launcher" (PID 22012) exited with exit code 1
2025-02-14 11:50:08.460 CET [23136] LOG:  shutting down
2025-02-14 11:50:08.463 CET [23136] LOG:  checkpoint starting: shutdown immediate
2025-02-14 11:50:08.599 CET [23136] LOG:  checkpoint complete: wrote 65 buffers (0.0%); 0 WAL file(s) added, 0 removed, 0 recycled; write=0.109 s, sync=0.019 s, total=0.139 s; sync files=34, longest=0.002 s, average=0.001 s; distance=359 kB, estimate=359 kB; lsn=0/4748FB0, redo lsn=0/4748FB0
2025-02-14 11:50:08.650 CET [17612] LOG:  database system is shut down
2025-02-14 12:48:24.935 CET [20336] LOG:  starting PostgreSQL 16.6, compiled by Visual C++ build 1942, 64-bit
2025-02-14 12:48:24.937 CET [20336] LOG:  listening on IPv6 address "::", port 15432
2025-02-14 12:48:24.937 CET [20336] LOG:  listening on IPv4 address "0.0.0.0", port 15432
2025-02-14 12:48:24.944 CET [20336] LOG:  listening on Unix socket "C:/Users/z004u6jf/AppData/Local/.winccoa/.s.PGSQL.15432"
2025-02-14 12:48:25.036 CET [6520] LOG:  database system was shut down at 2025-02-14 11:50:08 CET
2025-02-14 12:48:25.292 CET [20336] LOG:  database system is ready to accept connections
2025-02-14 12:53:25.028 CET [17536] LOG:  checkpoint starting: time
2025-02-14 12:53:33.504 CET [17536] LOG:  checkpoint complete: wrote 80 buffers (0.0%); 0 WAL file(s) added, 0 removed, 0 recycled; write=8.450 s, sync=0.019 s, total=8.476 s; sync files=39, longest=0.002 s, average=0.001 s; distance=418 kB, estimate=418 kB; lsn=0/47ED960, redo lsn=0/47B19F0
2025-02-14 12:58:25.521 CET [17536] LOG:  checkpoint starting: time
2025-02-14 12:58:27.632 CET [17536] LOG:  checkpoint complete: wrote 20 buffers (0.0%); 0 WAL file(s) added, 0 removed, 0 recycled; write=2.095 s, sync=0.010 s, total=2.112 s; sync files=12, longest=0.002 s, average=0.001 s; distance=241 kB, estimate=400 kB; lsn=0/47EE540, redo lsn=0/47EDEF0
2025-02-14 13:03:25.642 CET [17536] LOG:  checkpoint starting: time
2025-02-14 13:03:31.583 CET [17536] LOG:  checkpoint complete: wrote 55 buffers (0.0%); 0 WAL file(s) added, 0 removed, 0 recycled; write=5.914 s, sync=0.021 s, total=5.942 s; sync files=32, longest=0.005 s, average=0.001 s; distance=297 kB, estimate=390 kB; lsn=0/4878800, redo lsn=0/4838540
2025-02-14 13:08:34.518 CET [17536] LOG:  checkpoint starting: time
2025-02-14 13:08:41.526 CET [17536] LOG:  checkpoint complete: wrote 65 buffers (0.0%); 0 WAL file(s) added, 0 removed, 0 recycled; write=6.983 s, sync=0.016 s, total=7.008 s; sync files=29, longest=0.002 s, average=0.001 s; distance=360 kB, estimate=387 kB; lsn=0/48936E8, redo lsn=0/4892938
2025-02-14 13:13:34.530 CET [17536] LOG:  checkpoint starting: time
2025-02-14 13:13:42.661 CET [17536] LOG:  checkpoint complete: wrote 75 buffers (0.0%); 0 WAL file(s) added, 0 removed, 0 recycled; write=8.110 s, sync=0.013 s, total=8.132 s; sync files=34, longest=0.001 s, average=0.001 s; distance=327 kB, estimate=381 kB; lsn=0/48E5780, redo lsn=0/48E46D0
2025-02-14 13:18:34.673 CET [17536] LOG:  checkpoint starting: time
2025-02-14 13:18:39.507 CET [17536] LOG:  checkpoint complete: wrote 45 buffers (0.0%); 0 WAL file(s) added, 0 removed, 0 recycled; write=4.803 s, sync=0.019 s, total=4.835 s; sync files=30, longest=0.005 s, average=0.001 s; distance=248 kB, estimate=368 kB; lsn=0/4922AA8, redo lsn=0/4922A70
2025-02-14 13:23:34.514 CET [17536] LOG:  checkpoint starting: time
2025-02-14 13:23:41.124 CET [17536] LOG:  checkpoint complete: wrote 61 buffers (0.0%); 0 WAL file(s) added, 0 removed, 0 recycled; write=6.582 s, sync=0.021 s, total=6.611 s; sync files=31, longest=0.005 s, average=0.001 s; distance=337 kB, estimate=365 kB; lsn=0/4976F38, redo lsn=0/4976F00
2025-02-14 13:28:34.126 CET [17536] LOG:  checkpoint starting: time
2025-02-14 13:28:38.982 CET [17536] LOG:  checkpoint complete: wrote 45 buffers (0.0%); 0 WAL file(s) added, 0 removed, 0 recycled; write=4.832 s, sync=0.011 s, total=4.856 s; sync files=28, longest=0.001 s, average=0.001 s; distance=274 kB, estimate=356 kB; lsn=0/49BB978, redo lsn=0/49BB940
2025-02-14 13:31:34.876 CET [20336] LOG:  could not reserve shared memory region (addr=0000023321F70000) for child 0000000000001408: error code 487
2025-02-14 13:32:49.995 CET [20336] LOG:  could not reserve shared memory region (addr=0000023321F70000) for child 00000000000012E8: error code 487
2025-02-14 13:33:34.983 CET [17536] LOG:  checkpoint starting: time
2025-02-14 13:33:43.095 CET [17536] LOG:  checkpoint complete: wrote 75 buffers (0.0%); 0 WAL file(s) added, 0 removed, 0 recycled; write=8.084 s, sync=0.018 s, total=8.112 s; sync files=33, longest=0.005 s, average=0.001 s; distance=329 kB, estimate=353 kB; lsn=0/4A0DE10, redo lsn=0/4A0DDD8
2025-02-14 13:37:38.606 CET [20336] LOG:  received fast shutdown request
2025-02-14 13:37:38.607 CET [20336] LOG:  aborting any active transactions
2025-02-14 13:37:38.608 CET [4716] FATAL:  terminating connection due to administrator command
2025-02-14 13:37:38.619 CET [20336] LOG:  background worker "logical replication launcher" (PID 5364) exited with exit code 1
2025-02-14 13:37:38.625 CET [17536] LOG:  shutting down
2025-02-14 13:37:38.626 CET [17536] LOG:  checkpoint starting: shutdown immediate
2025-02-14 13:37:38.688 CET [17536] LOG:  checkpoint complete: wrote 33 buffers (0.0%); 0 WAL file(s) added, 0 removed, 0 recycled; write=0.042 s, sync=0.014 s, total=0.064 s; sync files=27, longest=0.002 s, average=0.001 s; distance=159 kB, estimate=334 kB; lsn=0/4A35CE8, redo lsn=0/4A35CE8
2025-02-14 13:37:38.737 CET [20336] LOG:  database system is shut down
