WCCILevent   (0), 2025.02.12 11:51:01.400, SYS,  INFO,        1, Manager Start, PROJ, SiemensFrameworkApplicationExample, V 3.20 - 3.20 P004 platform Windows AMD64 linked at Jan 28 2025 20:31:10 (f25eb988b8)
WCCILevent   (0), 2025.02.12 11:51:01.402, SYS,  INFO,      108, License information, Wibu CodeMeter License
WCCILevent   (0), 2025.02.12 11:51:01.570, SYS,  INFO,      108, License information, Initializing CodeMeter container 130-84356711 (LAN)
WCCILevent   (0), 2025.02.12 11:51:02.145, SYS,  INFO,      108, License information, 
version     = 32000000
sn          = "CodeMeter sn:130-84356711"
expire      = 2040.01.31;01:00:00,000 
demoPeriod  = 30d
event       = 1
ios         = 2000000000
ssi         = 0
update      = 2


WCCILevent   (0), 2025.02.12 11:51:02.148, SYS,  INFO,        3, Trying to connect to (SYS: 0 Data -num 0 CONN: 1) @ localhost:4897
WCCILevent   (0), 2025.02.12 11:51:02.172, SYS,  INFO,        4, Connected to (SYS: 0 Data -num 0 CONN: 1) @ dinm5CG3184V63 (127.0.0.1)
WCCILevent   (0), 2025.02.12 11:51:02.186, PARAM,SEVERE,     71, DP does not exist, _Connections.Event.ManNums:_original.._value
WCCILevent   (0), 2025.02.12 11:51:02.186, PARAM,SEVERE,     71, DP does not exist, _Connections.Event.StartTimes:_original.._value
WCCILevent   (0), 2025.02.12 11:51:02.186, PARAM,SEVERE,     71, DP does not exist, _Connections.Event.HostNames:_original.._value
WCCILevent   (0), 2025.02.12 11:51:02.186, PARAM,SEVERE,     71, DP does not exist, _Connections.Driver.ManNums:_original.._value
WCCILevent   (0), 2025.02.12 11:51:02.186, PARAM,SEVERE,     71, DP does not exist, _Connections.Driver.StartTimes:_original.._value
WCCILevent   (0), 2025.02.12 11:51:02.186, PARAM,SEVERE,     71, DP does not exist, _Connections.Driver.HostNames:_original.._value
WCCILevent   (0), 2025.02.12 11:51:02.186, PARAM,SEVERE,     71, DP does not exist, _Connections.Data.ManNums:_original.._value
WCCILevent   (0), 2025.02.12 11:51:02.186, PARAM,SEVERE,     71, DP does not exist, _Connections.Data.StartTimes:_original.._value
WCCILevent   (0), 2025.02.12 11:51:02.186, PARAM,SEVERE,     71, DP does not exist, _Connections.Data.HostNames:_original.._value
WCCILevent   (0), 2025.02.12 11:51:02.186, PARAM,SEVERE,     71, DP does not exist, _Connections.Ui.ManNums:_original.._value
WCCILevent   (0), 2025.02.12 11:51:02.186, PARAM,SEVERE,     71, DP does not exist, _Connections.Ui.StartTimes:_original.._value
WCCILevent   (0), 2025.02.12 11:51:02.186, PARAM,SEVERE,     71, DP does not exist, _Connections.Ui.HostNames:_original.._value
WCCILevent   (0), 2025.02.12 11:51:02.186, PARAM,SEVERE,     71, DP does not exist, _Connections.Ctrl.ManNums:_original.._value
WCCILevent   (0), 2025.02.12 11:51:02.186, PARAM,SEVERE,     71, DP does not exist, _Connections.Ctrl.StartTimes:_original.._value
WCCILevent   (0), 2025.02.12 11:51:02.186, PARAM,SEVERE,     71, DP does not exist, _Connections.Ctrl.HostNames:_original.._value
WCCILevent   (0), 2025.02.12 11:51:02.186, PARAM,SEVERE,     71, DP does not exist, _Connections.Ascii.ManNums:_original.._value
WCCILevent   (0), 2025.02.12 11:51:02.186, PARAM,SEVERE,     71, DP does not exist, _Connections.Ascii.StartTimes:_original.._value
WCCILevent   (0), 2025.02.12 11:51:02.186, PARAM,SEVERE,     71, DP does not exist, _Connections.Ascii.HostNames:_original.._value
WCCILevent   (0), 2025.02.12 11:51:02.186, PARAM,SEVERE,     71, DP does not exist, _Connections.Api.ManNums:_original.._value
WCCILevent   (0), 2025.02.12 11:51:02.186, PARAM,SEVERE,     71, DP does not exist, _Connections.Api.StartTimes:_original.._value
WCCILevent   (0), 2025.02.12 11:51:02.186, PARAM,SEVERE,     71, DP does not exist, _Connections.Api.HostNames:_original.._value
WCCILevent   (0), 2025.02.12 11:51:02.186, PARAM,SEVERE,     71, DP does not exist, _Connections.Device.ManNums:_original.._value
WCCILevent   (0), 2025.02.12 11:51:02.186, PARAM,SEVERE,     71, DP does not exist, _Connections.Device.StartTimes:_original.._value
WCCILevent   (0), 2025.02.12 11:51:02.186, PARAM,SEVERE,     71, DP does not exist, _Connections.Device.HostNames:_original.._value
WCCILevent   (0), 2025.02.12 11:51:02.187, PARAM,SEVERE,     71, DP does not exist, _Connections.Redu.ManNums:_original.._value
WCCILevent   (0), 2025.02.12 11:51:02.187, PARAM,SEVERE,     71, DP does not exist, _Connections.Redu.StartTimes:_original.._value
WCCILevent   (0), 2025.02.12 11:51:02.187, PARAM,SEVERE,     71, DP does not exist, _Connections.Redu.HostNames:_original.._value
WCCILevent   (0), 2025.02.12 11:51:02.187, PARAM,SEVERE,     71, DP does not exist, _Connections.Report.ManNums:_original.._value
WCCILevent   (0), 2025.02.12 11:51:02.187, PARAM,SEVERE,     71, DP does not exist, _Connections.Report.StartTimes:_original.._value
WCCILevent   (0), 2025.02.12 11:51:02.187, PARAM,SEVERE,     71, DP does not exist, _Connections.Report.HostNames:_original.._value
WCCILevent   (0), 2025.02.12 11:51:02.187, PARAM,SEVERE,     71, DP does not exist, _Connections.Dde.ManNums:_original.._value
WCCILevent   (0), 2025.02.12 11:51:02.187, PARAM,SEVERE,     71, DP does not exist, _Connections.Dde.StartTimes:_original.._value
WCCILevent   (0), 2025.02.12 11:51:02.187, PARAM,SEVERE,     71, DP does not exist, _Connections.Dde.HostNames:_original.._value
WCCILevent   (0), 2025.02.12 11:51:02.187, PARAM,SEVERE,     71, DP does not exist, _Connections.Dist.ManNums:_original.._value
WCCILevent   (0), 2025.02.12 11:51:02.187, PARAM,SEVERE,     71, DP does not exist, _Connections.Dist.StartTimes:_original.._value
WCCILevent   (0), 2025.02.12 11:51:02.187, PARAM,SEVERE,     71, DP does not exist, _Connections.Dist.HostNames:_original.._value
WCCILevent   (0), 2025.02.12 11:51:02.213, SYS,  INFO,        6, Initialization by Data Manager finished
WCCILevent   (0), 2025.02.12 11:51:02.312, SYS,  INFO,      169, Initialize 0 dp-functions
WCCILevent   (0), 2025.02.12 11:51:02.312, SYS,  INFO,      168, Initialize 0 alerts
WCCILevent   (0), 2025.02.12 11:51:02.314, PARAM,WARNING,     7, Datapoint does not exist, UserTable, UserTable, _Users.UserId
WCCILevent   (0), 2025.02.12 11:51:02.314, PARAM,WARNING,     7, Datapoint does not exist, ManagerTable, ManagerTable, _Managers.Auth.ManType
WCCILevent   (0), 2025.02.12 11:51:02.314, PARAM,WARNING,     7, Datapoint does not exist, EventManager, doDpConnect, _System.Auth.DpType:_original.._value
WCCILevent   (0), 2025.02.12 11:51:02.314, PARAM,WARNING,     7, Datapoint does not exist, EventManager, doDpConnect, _System.Auth.Dp:_original.._value
WCCILevent   (0), 2025.02.12 11:51:02.314, PARAM,WARNING,     7, Datapoint does not exist, EventManager, doDpConnect, _System.Auth.DpAuth:_original.._value
WCCILevent   (0), 2025.02.12 11:51:02.314, PARAM,WARNING,     7, Datapoint does not exist, EventManager, doDpConnect, _System.Auth.DpAlias:_original.._value
WCCILevent   (0), 2025.02.12 11:51:02.314, PARAM,WARNING,     8, Element does not exist, EventManager, doDpConnect, _Managers.Exit
WCCILevent   (0), 2025.02.12 11:51:02.314, PARAM,WARNING,     8, Element does not exist, EventManager, doDpConnect, _Managers.Refresh
WCCILevent   (0), 2025.02.12 11:51:02.340, SYS,  WARNING,   108, License information, Eventmanager will shutdown after the demo period of 2592000 seconds
WCCILevent   (0), 2025.02.12 11:51:02.667, SYS,  INFO,        4, Connected to (SYS: 1 Driver -num 2 CONN: 1) @ dinm5CG3184V63 (127.0.0.1)
WCCILevent   (0), 2025.02.12 11:51:02.965, SYS,  INFO,        4, Connected to (SYS: 1 Driver -num 1 CONN: 1) @ dinm5CG3184V63 (127.0.0.1)
WCCILevent   (0), 2025.02.12 11:51:03.184, SYS,  INFO,        4, Connected to (SYS: 1 Ascii -num 1 CONN: 1) @ dinm5CG3184V63 (127.0.0.1)
WCCILevent   (0), 2025.02.12 11:51:03.518, SYS,  INFO,       39, Connection lost, MAN: (SYS: 1 Ascii -num 1 CONN: 1), Connection closed
WCCILevent   (0), 2025.02.12 11:51:03.743, SYS,  INFO,        4, Connected to (SYS: 1 Ascii -num 1 CONN: 1) @ dinm5CG3184V63 (127.0.0.1)
WCCILevent   (0), 2025.02.12 11:51:04.490, SYS,  INFO,       39, Connection lost, MAN: (SYS: 1 Ascii -num 1 CONN: 1), Connection closed
WCCILevent   (0), 2025.02.12 11:51:04.698, SYS,  INFO,        4, Connected to (SYS: 1 Ascii -num 1 CONN: 1) @ dinm5CG3184V63 (127.0.0.1)
WCCILevent   (0), 2025.02.12 11:51:05.877, SYS,  INFO,      118, Last error already repeated 50 times. Until another output occurs, this one will be blocked.
WCCILevent   (0), 2025.02.12 11:51:10.120, SYS,  INFO,      255, _auth config for System1:_mp__SSC_KPI.kpiFunc:_auth._general._write has been changed
WCCILevent   (0), 2025.02.12 11:51:10.127, SYS,  INFO,      119, Last error repeated 3796 times.
WCCILevent   (0), 2025.02.12 11:51:10.126, SYS,  INFO,       39, Connection lost, MAN: (SYS: 1 Ascii -num 1 CONN: 1), Connection closed
WCCILevent   (0), 2025.02.12 11:51:10.303, SYS,  INFO,        4, Connected to (SYS: 1 Ascii -num 1 CONN: 1) @ dinm5CG3184V63 (127.0.0.1)
WCCILevent   (0), 2025.02.12 11:51:10.464, SYS,  INFO,       39, Connection lost, MAN: (SYS: 1 Ascii -num 1 CONN: 1), Connection closed
WCCILevent   (0), 2025.02.12 11:51:10.680, SYS,  INFO,        4, Connected to (SYS: 1 Ctrl -num 1 CONN: 1) @ dinm5CG3184V63 (127.0.0.1)
WCCILevent   (0), 2025.02.12 11:51:10.883, SYS,  INFO,       39, Connection lost, MAN: (SYS: 1 Ctrl -num 1 CONN: 1), Connection closed
WCCILevent   (0), 2025.02.12 11:51:11.086, SYS,  INFO,        4, Connected to (SYS: 1 Ascii -num 1 CONN: 1) @ dinm5CG3184V63 (127.0.0.1)
WCCILevent   (0), 2025.02.12 11:51:11.104, SYS,  INFO,       39, Connection lost, MAN: (SYS: 1 Ascii -num 1 CONN: 1), Connection closed
WCCILevent   (0), 2025.02.12 11:51:11.259, SYS,  INFO,        4, Connected to (SYS: 1 Ascii -num 1 CONN: 1) @ dinm5CG3184V63 (127.0.0.1)
WCCILevent   (0), 2025.02.12 11:51:11.309, SYS,  INFO,       39, Connection lost, MAN: (SYS: 1 Ascii -num 1 CONN: 1), Connection closed
WCCILevent   (0), 2025.02.12 11:51:11.337, SYS,  INFO,       39, Connection lost, MAN: (SYS: 1 Driver -num 2 CONN: 1), Connection closed
WCCILevent   (0), 2025.02.12 11:51:11.368, SYS,  INFO,       39, Connection lost, MAN: (SYS: 1 Driver -num 1 CONN: 1), Connection closed
WCCILevent   (0), 2025.02.12 11:51:11.480, SYS,  INFO,        2, Manager Stop, received signal 15, exiting
WCCILevent   (0), 2025.02.12 11:51:11.480, SYS,  INFO,        2, Manager Stop, start cleanup
WCCILevent   (0), 2025.02.12 11:51:11.481, SYS,  INFO,      181, Closing connection to (SYS: 1 Data -num 0 CONN: 1)
WCCILevent   (0), 2025.02.12 11:51:11.481, SYS,  INFO,       39, Connection lost, MAN: (SYS: 1 Data -num 0 CONN: 1), Connection closed
WCCILevent   (0), 2025.02.12 11:51:11.496, SYS,  INFO,        2, Manager Stop
